(Thu Dec  5 17:41:58 2019)(-0.128319 [s])[Default,Scanner][Warning][Non-fatal]:
WARNING: A problem has been raised by ScannerBit.
Could not find plugin library "/home/zac/anaconda3/envs/Python37/lib/python3.7/site-packages/pyscannerbit/ScannerBit/lib/libscanner_diver_1.0.0.so".

Raised at: line 102 in function Gambit::Scanner::Plugins::Plugin_Loader::Plugin_Loader() of /tmp/pip-req-build-gh_w962r/pyscannerbit/scannerbit/untar/ScannerBit/ScannerBit/src/plugin_loader.cpp.
--<>--<>--<>--<>--<>--<>--<>--
(Thu Dec  5 17:41:58 2019)(-0.128295 [s])[Default,Scanner][Warning][Non-fatal]:
WARNING: A problem has been raised by ScannerBit.
Could not find plugin library "/home/zac/anaconda3/envs/Python37/lib/python3.7/site-packages/pyscannerbit/ScannerBit/lib/libscanner_diver_1.0.2.so".

Raised at: line 102 in function Gambit::Scanner::Plugins::Plugin_Loader::Plugin_Loader() of /tmp/pip-req-build-gh_w962r/pyscannerbit/scannerbit/untar/ScannerBit/ScannerBit/src/plugin_loader.cpp.
--<>--<>--<>--<>--<>--<>--<>--
(Thu Dec  5 17:41:58 2019)(-0.116867 [s])[Default,Scanner][Warning][Non-fatal]:
WARNING: A problem has been raised by ScannerBit.
Could not find plugin library "/home/zac/anaconda3/envs/Python37/lib/python3.7/site-packages/pyscannerbit/ScannerBit/lib/libscanner_great.so".

Raised at: line 102 in function Gambit::Scanner::Plugins::Plugin_Loader::Plugin_Loader() of /tmp/pip-req-build-gh_w962r/pyscannerbit/scannerbit/untar/ScannerBit/ScannerBit/src/plugin_loader.cpp.
--<>--<>--<>--<>--<>--<>--<>--
(Thu Dec  5 17:41:58 2019)(-0.102926 [s])[Default,Scanner][Warning][Non-fatal]:
WARNING: A problem has been raised by ScannerBit.
Could not find plugin library "/home/zac/anaconda3/envs/Python37/lib/python3.7/site-packages/pyscannerbit/ScannerBit/lib/libscanner_multinest_3.10.so".

Raised at: line 102 in function Gambit::Scanner::Plugins::Plugin_Loader::Plugin_Loader() of /tmp/pip-req-build-gh_w962r/pyscannerbit/scannerbit/untar/ScannerBit/ScannerBit/src/plugin_loader.cpp.
--<>--<>--<>--<>--<>--<>--<>--
(Thu Dec  5 17:41:58 2019)(0.0174609 [s])[Default,Utilities]:
Random number engine mt19937_64 (default) selected with seed -1325559592.
--<>--<>--<>--<>--<>--<>--<>--
(Thu Dec  5 17:41:58 2019)(0.017954 [s])[Default][Info]:
No previous output file found, treating run as completely new.
--<>--<>--<>--<>--<>--<>--<>--
(Thu Dec  5 17:41:58 2019)(0.0190275 [s])[Default,Core]:
Starting scan.
--<>--<>--<>--<>--<>--<>--<>--
(Thu Dec  5 17:41:58 2019)(0.021507 [s])[Default,Printers][Info]:
Assigned printer ID '0' to output quantity with label 'LogLike'
--<>--<>--<>--<>--<>--<>--<>--
(Thu Dec  5 17:41:58 2019)(0.0215604 [s])[Default,Printers][Info]:
Assigned printer ID '1' to output quantity with label 'pointID'
--<>--<>--<>--<>--<>--<>--<>--
(Thu Dec  5 17:41:58 2019)(0.0215981 [s])[Default,Printers][Info]:
Assigned printer ID '2' to output quantity with label 'MPIrank'
--<>--<>--<>--<>--<>--<>--<>--
(Thu Dec  5 17:41:58 2019)(0.023137 [s])[Default,Printers][Info]:
Assigned printer ID '3' to output quantity with label 'weights'
--<>--<>--<>--<>--<>--<>--<>--
(Thu Dec  5 17:41:58 2019)(0.0234041 [s])[Default,Printers][Info]:
Assigned printer ID '4' to output quantity with label 'default::z'
--<>--<>--<>--<>--<>--<>--<>--
(Thu Dec  5 17:41:58 2019)(0.0234894 [s])[Default,Printers][Info]:
Assigned printer ID '5' to output quantity with label 'default::x'
--<>--<>--<>--<>--<>--<>--<>--
(Thu Dec  5 17:41:58 2019)(0.0235488 [s])[Default,Printers][Info]:
Assigned printer ID '6' to output quantity with label 'default::y'
--<>--<>--<>--<>--<>--<>--<>--
(Thu Dec  5 17:41:58 2019)(0.0238193 [s])[Default,Printers][Info]:
Assigned printer ID '7' to output quantity with label 'unitCubeParameters'
--<>--<>--<>--<>--<>--<>--<>--
(Thu Dec  5 17:41:59 2019)(1.16482 [s])[Default,Printers][Info]:
Gathering sync buffer data from all processes to rank 0 process...
--<>--<>--<>--<>--<>--<>--<>--
(Thu Dec  5 17:41:59 2019)(1.16498 [s])[Default,Printers][Info]:
Gathering data on number of points and buffers to be transmitted
Number of points to send from this process: 785
Number of buffers to send from this process: 9

--<>--<>--<>--<>--<>--<>--<>--
(Thu Dec  5 17:41:59 2019)(1.16504 [s])[Default,Printers][Info]:
Gathered data:
Number of points to recv from each process: [785 ]
Number of buffers to recv from each process: [9 ]

--<>--<>--<>--<>--<>--<>--<>--
(Thu Dec  5 17:41:59 2019)(1.16623 [s])[Default,Printers][Info]:
Gathering buffer data for processes [0 ]
--<>--<>--<>--<>--<>--<>--<>--
(Thu Dec  5 17:41:59 2019)(1.1914 [s])[Default,Printers][Info]:
Gathering buffer block size data (number of buffer blocks to transmit from this process: 79)
--<>--<>--<>--<>--<>--<>--<>--
(Thu Dec  5 17:41:59 2019)(1.19155 [s])[Default,Printers][Info]:
Performing Gatherv of buffer data blocks...
--<>--<>--<>--<>--<>--<>--<>--
(Thu Dec  5 17:41:59 2019)(1.22499 [s])[Default,Printers][Info]:
Resynchronising print buffers:
   Buffer contains 785 items (name=LogLike)
   Buffer contains 785 items (name=MPIrank)
   Buffer contains 785 items (name=default::x)
   Buffer contains 785 items (name=default::y)
   Buffer contains 785 items (name=default::z)
   Buffer contains 785 items (name=pointID)
   Buffer contains 785 items (name=unitCubeParameters[0])
   Buffer contains 785 items (name=unitCubeParameters[1])
   Buffer contains 785 items (name=unitCubeParameters[2])

  Initial N points   : 0
  Final N points     : 785
  Difference N points: 785

Print buffer now contains 785 items.
--<>--<>--<>--<>--<>--<>--<>--
(Thu Dec  5 17:42:00 2019)(1.24364 [s])[Default,Printers][Info]:
Final dataset size is 4785
--<>--<>--<>--<>--<>--<>--<>--
(Thu Dec  5 17:42:00 2019)(1.24374 [s])[Default,Printers][Info]:
Gathering random-access print buffer data from all process to rank 0 process...
--<>--<>--<>--<>--<>--<>--<>--
(Thu Dec  5 17:42:00 2019)(1.25489 [s])[Default,Printers][Info]:
HDF5Printer2 output finalisation complete.
--<>--<>--<>--<>--<>--<>--<>--
(Thu Dec  5 17:42:00 2019)(1.25497 [s])[Default]:
ScannerBit run completed successfully.
--<>--<>--<>--<>--<>--<>--<>--
(Thu Dec  5 17:42:00 2019)(1.25508 [s])[Default,Core][Info]:
Doing Iprobe to check for shutdown signals from other processes (with MPI tag 1). These will be discarded (since we are inside the 'discard_excess_shutdown_messages' routine)
--<>--<>--<>--<>--<>--<>--<>--
