(Thu Dec  5 17:42:00 2019)(-0.128359 [s])[Default,Scanner][Warning][Non-fatal]:
WARNING: A problem has been raised by ScannerBit.
Could not find plugin library "/home/zac/anaconda3/envs/Python37/lib/python3.7/site-packages/pyscannerbit/ScannerBit/lib/libscanner_diver_1.0.0.so".

Raised at: line 102 in function Gambit::Scanner::Plugins::Plugin_Loader::Plugin_Loader() of /tmp/pip-req-build-gh_w962r/pyscannerbit/scannerbit/untar/ScannerBit/ScannerBit/src/plugin_loader.cpp.
--<>--<>--<>--<>--<>--<>--<>--
(Thu Dec  5 17:42:00 2019)(-0.128333 [s])[Default,Scanner][Warning][Non-fatal]:
WARNING: A problem has been raised by ScannerBit.
Could not find plugin library "/home/zac/anaconda3/envs/Python37/lib/python3.7/site-packages/pyscannerbit/ScannerBit/lib/libscanner_diver_1.0.2.so".

Raised at: line 102 in function Gambit::Scanner::Plugins::Plugin_Loader::Plugin_Loader() of /tmp/pip-req-build-gh_w962r/pyscannerbit/scannerbit/untar/ScannerBit/ScannerBit/src/plugin_loader.cpp.
--<>--<>--<>--<>--<>--<>--<>--
(Thu Dec  5 17:42:00 2019)(-0.117043 [s])[Default,Scanner][Warning][Non-fatal]:
WARNING: A problem has been raised by ScannerBit.
Could not find plugin library "/home/zac/anaconda3/envs/Python37/lib/python3.7/site-packages/pyscannerbit/ScannerBit/lib/libscanner_great.so".

Raised at: line 102 in function Gambit::Scanner::Plugins::Plugin_Loader::Plugin_Loader() of /tmp/pip-req-build-gh_w962r/pyscannerbit/scannerbit/untar/ScannerBit/ScannerBit/src/plugin_loader.cpp.
--<>--<>--<>--<>--<>--<>--<>--
(Thu Dec  5 17:42:00 2019)(-0.103404 [s])[Default,Scanner][Warning][Non-fatal]:
WARNING: A problem has been raised by ScannerBit.
Could not find plugin library "/home/zac/anaconda3/envs/Python37/lib/python3.7/site-packages/pyscannerbit/ScannerBit/lib/libscanner_multinest_3.10.so".

Raised at: line 102 in function Gambit::Scanner::Plugins::Plugin_Loader::Plugin_Loader() of /tmp/pip-req-build-gh_w962r/pyscannerbit/scannerbit/untar/ScannerBit/ScannerBit/src/plugin_loader.cpp.
--<>--<>--<>--<>--<>--<>--<>--
(Thu Dec  5 17:42:00 2019)(0.0165839 [s])[Default,Utilities]:
Random number engine mt19937_64 (default) selected with seed -1614277721.
--<>--<>--<>--<>--<>--<>--<>--
(Thu Dec  5 17:42:00 2019)(0.0171996 [s])[Default][Info]:
No previous output file found, treating run as completely new.
--<>--<>--<>--<>--<>--<>--<>--
(Thu Dec  5 17:42:00 2019)(0.0181734 [s])[Default,Core]:
Starting scan.
--<>--<>--<>--<>--<>--<>--<>--
(Thu Dec  5 17:42:00 2019)(0.020457 [s])[Default,Printers][Info]:
Assigned printer ID '0' to output quantity with label 'LogLike'
--<>--<>--<>--<>--<>--<>--<>--
(Thu Dec  5 17:42:00 2019)(0.0205148 [s])[Default,Printers][Info]:
Assigned printer ID '1' to output quantity with label 'pointID'
--<>--<>--<>--<>--<>--<>--<>--
(Thu Dec  5 17:42:00 2019)(0.0205541 [s])[Default,Printers][Info]:
Assigned printer ID '2' to output quantity with label 'MPIrank'
--<>--<>--<>--<>--<>--<>--<>--
(Thu Dec  5 17:42:00 2019)(0.022136 [s])[Default,Printers][Info]:
Assigned printer ID '3' to output quantity with label 'default::z'
--<>--<>--<>--<>--<>--<>--<>--
(Thu Dec  5 17:42:00 2019)(0.0222291 [s])[Default,Printers][Info]:
Assigned printer ID '4' to output quantity with label 'default::x'
--<>--<>--<>--<>--<>--<>--<>--
(Thu Dec  5 17:42:00 2019)(0.0222942 [s])[Default,Printers][Info]:
Assigned printer ID '5' to output quantity with label 'default::y'
--<>--<>--<>--<>--<>--<>--<>--
(Thu Dec  5 17:42:00 2019)(0.0226136 [s])[Default,Printers][Info]:
Assigned printer ID '6' to output quantity with label 'unitCubeParameters'
--<>--<>--<>--<>--<>--<>--<>--
(Thu Dec  5 17:42:06 2019)(5.76455 [s])[Default,Printers][Info]:
Gathering sync buffer data from all processes to rank 0 process...
--<>--<>--<>--<>--<>--<>--<>--
(Thu Dec  5 17:42:06 2019)(5.76464 [s])[Default,Printers][Info]:
Gathering data on number of points and buffers to be transmitted
Number of points to send from this process: 1000
Number of buffers to send from this process: 12

--<>--<>--<>--<>--<>--<>--<>--
(Thu Dec  5 17:42:06 2019)(5.76467 [s])[Default,Printers][Info]:
Gathered data:
Number of points to recv from each process: [1000 ]
Number of buffers to recv from each process: [12 ]

--<>--<>--<>--<>--<>--<>--<>--
(Thu Dec  5 17:42:06 2019)(5.76696 [s])[Default,Printers][Info]:
Gathering buffer data for processes [0 ]
--<>--<>--<>--<>--<>--<>--<>--
(Thu Dec  5 17:42:06 2019)(5.81069 [s])[Default,Printers][Info]:
Gathering buffer block size data (number of buffer blocks to transmit from this process: 200)
--<>--<>--<>--<>--<>--<>--<>--
(Thu Dec  5 17:42:06 2019)(5.81109 [s])[Default,Printers][Info]:
Performing Gatherv of buffer data blocks...
--<>--<>--<>--<>--<>--<>--<>--
(Thu Dec  5 17:42:06 2019)(5.86638 [s])[Default,Printers][Info]:
Resynchronising print buffers:
   Buffer contains 1000 items (name=LogLike)
   Buffer contains 1000 items (name=MPIrank)
   Buffer contains 1000 items (name=default::x)
   Buffer contains 1000 items (name=default::y)
   Buffer contains 1000 items (name=default::z)
   Buffer contains 1000 items (name=pointID)
   Buffer contains 1000 items (name=unitCubeParameters[0])
   Buffer contains 1000 items (name=unitCubeParameters[1])
   Buffer contains 1000 items (name=unitCubeParameters[2])
   Buffer contains 1000 items (name=unitCubeParameters[3])
   Buffer contains 1000 items (name=unitCubeParameters[4])
   Buffer contains 1000 items (name=unitCubeParameters[5])

  Initial N points   : 0
  Final N points     : 1000
  Difference N points: 1000

Print buffer now contains 1000 items.
--<>--<>--<>--<>--<>--<>--<>--
(Thu Dec  5 17:42:06 2019)(5.89576 [s])[Default,Printers][Info]:
Final dataset size is 24000
--<>--<>--<>--<>--<>--<>--<>--
(Thu Dec  5 17:42:06 2019)(5.89588 [s])[Default,Printers][Info]:
Gathering random-access print buffer data from all process to rank 0 process...
--<>--<>--<>--<>--<>--<>--<>--
(Thu Dec  5 17:42:06 2019)(5.89605 [s])[Default,Printers][Info]:
HDF5Printer2 output finalisation complete.
--<>--<>--<>--<>--<>--<>--<>--
(Thu Dec  5 17:42:06 2019)(5.8961 [s])[Default]:
ScannerBit run completed successfully.
--<>--<>--<>--<>--<>--<>--<>--
(Thu Dec  5 17:42:06 2019)(5.89623 [s])[Default,Core][Info]:
Doing Iprobe to check for shutdown signals from other processes (with MPI tag 1). These will be discarded (since we are inside the 'discard_excess_shutdown_messages' routine)
--<>--<>--<>--<>--<>--<>--<>--
