(Thu Dec  5 17:42:06 2019)(-0.129365 [s])[Default,Scanner][Warning][Non-fatal]:
WARNING: A problem has been raised by ScannerBit.
Could not find plugin library "/home/zac/anaconda3/envs/Python37/lib/python3.7/site-packages/pyscannerbit/ScannerBit/lib/libscanner_diver_1.0.0.so".

Raised at: line 102 in function Gambit::Scanner::Plugins::Plugin_Loader::Plugin_Loader() of /tmp/pip-req-build-gh_w962r/pyscannerbit/scannerbit/untar/ScannerBit/ScannerBit/src/plugin_loader.cpp.
--<>--<>--<>--<>--<>--<>--<>--
(Thu Dec  5 17:42:06 2019)(-0.129345 [s])[Default,Scanner][Warning][Non-fatal]:
WARNING: A problem has been raised by ScannerBit.
Could not find plugin library "/home/zac/anaconda3/envs/Python37/lib/python3.7/site-packages/pyscannerbit/ScannerBit/lib/libscanner_diver_1.0.2.so".

Raised at: line 102 in function Gambit::Scanner::Plugins::Plugin_Loader::Plugin_Loader() of /tmp/pip-req-build-gh_w962r/pyscannerbit/scannerbit/untar/ScannerBit/ScannerBit/src/plugin_loader.cpp.
--<>--<>--<>--<>--<>--<>--<>--
(Thu Dec  5 17:42:06 2019)(-0.117711 [s])[Default,Scanner][Warning][Non-fatal]:
WARNING: A problem has been raised by ScannerBit.
Could not find plugin library "/home/zac/anaconda3/envs/Python37/lib/python3.7/site-packages/pyscannerbit/ScannerBit/lib/libscanner_great.so".

Raised at: line 102 in function Gambit::Scanner::Plugins::Plugin_Loader::Plugin_Loader() of /tmp/pip-req-build-gh_w962r/pyscannerbit/scannerbit/untar/ScannerBit/ScannerBit/src/plugin_loader.cpp.
--<>--<>--<>--<>--<>--<>--<>--
(Thu Dec  5 17:42:06 2019)(-0.103547 [s])[Default,Scanner][Warning][Non-fatal]:
WARNING: A problem has been raised by ScannerBit.
Could not find plugin library "/home/zac/anaconda3/envs/Python37/lib/python3.7/site-packages/pyscannerbit/ScannerBit/lib/libscanner_multinest_3.10.so".

Raised at: line 102 in function Gambit::Scanner::Plugins::Plugin_Loader::Plugin_Loader() of /tmp/pip-req-build-gh_w962r/pyscannerbit/scannerbit/untar/ScannerBit/ScannerBit/src/plugin_loader.cpp.
--<>--<>--<>--<>--<>--<>--<>--
(Thu Dec  5 17:42:06 2019)(0.0151625 [s])[Default,Utilities]:
Random number engine mt19937_64 (default) selected with seed -195633174.
--<>--<>--<>--<>--<>--<>--<>--
(Thu Dec  5 17:42:06 2019)(0.0156415 [s])[Default][Info]:
No previous output file found, treating run as completely new.
--<>--<>--<>--<>--<>--<>--<>--
(Thu Dec  5 17:42:06 2019)(0.0165774 [s])[Default,Core]:
Starting scan.
--<>--<>--<>--<>--<>--<>--<>--
(Thu Dec  5 17:42:06 2019)(0.0188374 [s])[Default,Printers][Info]:
Assigned printer ID '0' to output quantity with label 'LogLike'
--<>--<>--<>--<>--<>--<>--<>--
(Thu Dec  5 17:42:06 2019)(0.0188929 [s])[Default,Printers][Info]:
Assigned printer ID '1' to output quantity with label 'pointID'
--<>--<>--<>--<>--<>--<>--<>--
(Thu Dec  5 17:42:06 2019)(0.018931 [s])[Default,Printers][Info]:
Assigned printer ID '2' to output quantity with label 'MPIrank'
--<>--<>--<>--<>--<>--<>--<>--
(Thu Dec  5 17:42:06 2019)(0.0195822 [s])[Default,Printers][Info]:
Assigned printer ID '3' to output quantity with label 'default::z'
--<>--<>--<>--<>--<>--<>--<>--
(Thu Dec  5 17:42:06 2019)(0.0196813 [s])[Default,Printers][Info]:
Assigned printer ID '4' to output quantity with label 'default::x'
--<>--<>--<>--<>--<>--<>--<>--
(Thu Dec  5 17:42:06 2019)(0.019746 [s])[Default,Printers][Info]:
Assigned printer ID '5' to output quantity with label 'default::y'
--<>--<>--<>--<>--<>--<>--<>--
(Thu Dec  5 17:42:06 2019)(0.0200198 [s])[Default,Printers][Info]:
Assigned printer ID '6' to output quantity with label 'unitCubeParameters'
--<>--<>--<>--<>--<>--<>--<>--
(Thu Dec  5 17:42:08 2019)(1.89686 [s])[Default,Printers][Info]:
Gathering sync buffer data from all processes to rank 0 process...
--<>--<>--<>--<>--<>--<>--<>--
(Thu Dec  5 17:42:08 2019)(1.89694 [s])[Default,Printers][Info]:
Gathering data on number of points and buffers to be transmitted
Number of points to send from this process: 1000
Number of buffers to send from this process: 9

--<>--<>--<>--<>--<>--<>--<>--
(Thu Dec  5 17:42:08 2019)(1.89697 [s])[Default,Printers][Info]:
Gathered data:
Number of points to recv from each process: [1000 ]
Number of buffers to recv from each process: [9 ]

--<>--<>--<>--<>--<>--<>--<>--
(Thu Dec  5 17:42:08 2019)(1.89835 [s])[Default,Printers][Info]:
Gathering buffer data for processes [0 ]
--<>--<>--<>--<>--<>--<>--<>--
(Thu Dec  5 17:42:08 2019)(1.93474 [s])[Default,Printers][Info]:
Gathering buffer block size data (number of buffer blocks to transmit from this process: 100)
--<>--<>--<>--<>--<>--<>--<>--
(Thu Dec  5 17:42:08 2019)(1.93506 [s])[Default,Printers][Info]:
Performing Gatherv of buffer data blocks...
--<>--<>--<>--<>--<>--<>--<>--
(Thu Dec  5 17:42:08 2019)(1.98116 [s])[Default,Printers][Info]:
Resynchronising print buffers:
   Buffer contains 1000 items (name=LogLike)
   Buffer contains 1000 items (name=MPIrank)
   Buffer contains 1000 items (name=default::x)
   Buffer contains 1000 items (name=default::y)
   Buffer contains 1000 items (name=default::z)
   Buffer contains 1000 items (name=pointID)
   Buffer contains 1000 items (name=unitCubeParameters[0])
   Buffer contains 1000 items (name=unitCubeParameters[1])
   Buffer contains 1000 items (name=unitCubeParameters[2])

  Initial N points   : 0
  Final N points     : 1000
  Difference N points: 1000

Print buffer now contains 1000 items.
--<>--<>--<>--<>--<>--<>--<>--
(Thu Dec  5 17:42:08 2019)(2.00353 [s])[Default,Printers][Info]:
Final dataset size is 10000
--<>--<>--<>--<>--<>--<>--<>--
(Thu Dec  5 17:42:08 2019)(2.00363 [s])[Default,Printers][Info]:
Gathering random-access print buffer data from all process to rank 0 process...
--<>--<>--<>--<>--<>--<>--<>--
(Thu Dec  5 17:42:08 2019)(2.00381 [s])[Default,Printers][Info]:
HDF5Printer2 output finalisation complete.
--<>--<>--<>--<>--<>--<>--<>--
(Thu Dec  5 17:42:08 2019)(2.00385 [s])[Default]:
ScannerBit run completed successfully.
--<>--<>--<>--<>--<>--<>--<>--
(Thu Dec  5 17:42:08 2019)(2.00396 [s])[Default,Core][Info]:
Doing Iprobe to check for shutdown signals from other processes (with MPI tag 1). These will be discarded (since we are inside the 'discard_excess_shutdown_messages' routine)
--<>--<>--<>--<>--<>--<>--<>--
